<?xml version="1.0" encoding="UTF-8"?>
<!-- Generated by org.testng.reporters.JUnitReportReporter -->
<testsuite hostname="Midhu" failures="0" tests="1" name="com.actitime.testscript.ProjectModule" time="0.013" errors="0" timestamp="2023-07-20T19:59:45 IST" skipped="0">
  <testcase classname="com.actitime.testscript.ProjectModule" name="modifyproject" time="0.013">
    <system-out>
      <![CDATA[modifyproject]]>
    </system-out>
  </testcase> <!-- modifyproject -->
  <system-out>
    <![CDATA[modifyproject]]>
  </system-out>
</testsuite> <!-- com.actitime.testscript.ProjectModule -->
