<?xml version="1.0" encoding="UTF-8"?>
<!-- Generated by org.testng.reporters.JUnitReportReporter -->
<testsuite hostname="Midhu" failures="0" tests="1" name="basics.TestNG1" time="0.015" errors="0" timestamp="2023-07-19T19:37:03 IST" skipped="0">
  <testcase classname="basics.TestNG1" name="demo" time="0.015">
    <system-out>
      <![CDATA[hi]]>
    </system-out>
  </testcase> <!-- demo -->
  <system-out>
    <![CDATA[hi
Createcustomer
Createcustomer
Createcustomer
modifyCustomer
deleteCustomer
createTask
deleteTask
modifyTask
createproject
deleteproject
modifyproject]]>
  </system-out>
</testsuite> <!-- basics.TestNG1 -->
