<?xml version="1.0" encoding="UTF-8"?>
<!-- Generated by org.testng.reporters.JUnitReportReporter -->
<testsuite hostname="Midhu" failures="0" tests="1" name="com.actitime.testscript.DemoScreenshot" time="26.661" errors="0" timestamp="2023-07-19T19:29:36 IST" skipped="0">
  <testcase classname="com.actitime.testscript.DemoScreenshot" name="screenshot" time="26.661"/>
</testsuite> <!-- com.actitime.testscript.DemoScreenshot -->
