<?xml version="1.0" encoding="UTF-8"?>
<!-- Generated by org.testng.reporters.JUnitReportReporter -->
<testsuite hostname="Midhu" failures="0" tests="5" name="com.actitime.testscript.CustomerModule" time="0.027" errors="0" timestamp="2023-07-27T13:01:18 IST" skipped="0">
  <testcase classname="com.actitime.testscript.CustomerModule" name="createcustomer" time="0.002">
    <system-out>
      <![CDATA[Createcustomer]]>
    </system-out>
  </testcase> <!-- createcustomer -->
  <testcase classname="com.actitime.testscript.CustomerModule" name="createcustomer" time="0.003">
    <system-out>
      <![CDATA[Createcustomer]]>
    </system-out>
  </testcase> <!-- createcustomer -->
  <testcase classname="com.actitime.testscript.CustomerModule" name="createcustomer" time="0.016">
    <system-out>
      <![CDATA[Createcustomer]]>
    </system-out>
  </testcase> <!-- createcustomer -->
  <testcase classname="com.actitime.testscript.CustomerModule" name="modifyCustomer" time="0.004">
    <system-out>
      <![CDATA[modifyCustomer]]>
    </system-out>
  </testcase> <!-- modifyCustomer -->
  <testcase classname="com.actitime.testscript.CustomerModule" name="deleteCustomer" time="0.002">
    <system-out>
      <![CDATA[deleteCustomer]]>
    </system-out>
  </testcase> <!-- deleteCustomer -->
  <system-out>
    <![CDATA[Createcustomer
Createcustomer
Createcustomer
modifyCustomer
deleteCustomer]]>
  </system-out>
</testsuite> <!-- com.actitime.testscript.CustomerModule -->
