<?xml version="1.0" encoding="UTF-8"?>
<!-- Generated by org.testng.reporters.JUnitReportReporter -->
<testsuite hostname="Midhu" failures="0" tests="3" name="com.actitime.testscript.TaskModule" time="0.003" errors="0" timestamp="2023-07-19T19:37:03 IST" skipped="0">
  <testcase classname="com.actitime.testscript.TaskModule" name="modifytask" time="0.001">
    <system-out>
      <![CDATA[modifyTask]]>
    </system-out>
  </testcase> <!-- modifytask -->
  <testcase classname="com.actitime.testscript.TaskModule" name="createTask" time="0.000">
    <system-out>
      <![CDATA[createTask]]>
    </system-out>
  </testcase> <!-- createTask -->
  <testcase classname="com.actitime.testscript.TaskModule" name="deleteTask" time="0.002">
    <system-out>
      <![CDATA[deleteTask]]>
    </system-out>
  </testcase> <!-- deleteTask -->
  <system-out>
    <![CDATA[hi
Createcustomer
Createcustomer
Createcustomer
modifyCustomer
deleteCustomer
createTask
deleteTask
modifyTask
createproject
deleteproject
modifyproject]]>
  </system-out>
</testsuite> <!-- com.actitime.testscript.TaskModule -->
